Extracting data from file ../../../templates/test.php
Processing file ../../../templates/test.php
Filter PHPFilter loaded
  Filter PHP applied
Extracting data from file ../../../presenters/AuthPresenter.php
Processing file ../../../presenters/AuthPresenter.php
  Filter PHP applied
Extracting data from file ../../../presenters/BasePresenter.php
Processing file ../../../presenters/BasePresenter.php
  Filter PHP applied
Extracting data from file ../../../presenters/AdminModule/DashboardPresenter.php
Processing file ../../../presenters/AdminModule/DashboardPresenter.php
  Filter PHP applied
Extracting data from file ../../../models/Translator.php
Processing file ../../../models/Translator.php
  Filter PHP applied
Extracting data from file ../../../models/Users.php
Processing file ../../../models/Users.php
  Filter PHP applied
Extracting data from file ../../../templates/@layout.phtml
Processing file ../../../templates/@layout.phtml
  Filter PHP applied
Filter NetteCurlyBracketsFilter loaded
  Filter NetteCurlyBrackets applied
Extracting data from file ../../../templates/@simple.phtml
Processing file ../../../templates/@simple.phtml
  Filter PHP applied
  Filter NetteCurlyBrackets applied
Extracting data from file ../../../templates/Auth.login.phtml
Processing file ../../../templates/Auth.login.phtml
  Filter PHP applied
  Filter NetteCurlyBrackets applied
Extracting data from file ../../../templates/Auth.logout.phtml
Processing file ../../../templates/Auth.logout.phtml
  Filter PHP applied
  Filter NetteCurlyBrackets applied
Extracting data from file ../../../templates/AdminModule/Dashboard/default.phtml
Processing file ../../../templates/AdminModule/Dashboard/default.phtml
  Filter PHP applied
  Filter NetteCurlyBrackets applied
Data exported successfully
Data written successfully
